<?xml version="1.0" encoding="UTF-8"?>
<testsuite name="io.blindroute.BlinerouteApplicationTests" tests="1" skipped="0" failures="0" errors="0" timestamp="2023-12-14T13:12:31" hostname="DESKTOP-HKDT6VD" time="0.421">
  <properties/>
  <testcase name="contextLoads()" classname="io.blindroute.BlinerouteApplicationTests" time="0.421"/>
  <system-out><![CDATA[22:12:28.581 [Test worker] INFO org.springframework.test.context.support.AnnotationConfigContextLoaderUtils -- Could not detect default configuration classes for test class [io.blindroute.BlinerouteApplicationTests]: BlinerouteApplicationTests does not declare any static, non-private, non-final, nested classes annotated with @Configuration.
22:12:28.645 [Test worker] INFO org.springframework.boot.test.context.SpringBootTestContextBootstrapper -- Found @SpringBootConfiguration io.blindroute.BlindrouteApplication for test class io.blindroute.BlinerouteApplicationTests

  .   ____          _            __ _ _
 /\\ / ___'_ __ _ _(_)_ __  __ _ \ \ \ \
( ( )\___ | '_ | '_| | '_ \/ _` | \ \ \ \
 \\/  ___)| |_)| | | | | || (_| |  ) ) ) )
  '  |____| .__|_| |_|_| |_\__, | / / / /
 =========|_|==============|___/=/_/_/_/
 :: Spring Boot ::                (v3.1.2)

2023-12-14T22:12:28.938+09:00  INFO 11212 --- [    Test worker] i.blindroute.BlinerouteApplicationTests  : Starting BlinerouteApplicationTests using Java 17.0.5 with PID 11212 (started by NDH in C:\Users\NDH\Spring\blindroute)
2023-12-14T22:12:28.939+09:00  INFO 11212 --- [    Test worker] i.blindroute.BlinerouteApplicationTests  : No active profile set, falling back to 1 default profile: "default"
2023-12-14T22:12:29.434+09:00  INFO 11212 --- [    Test worker] .s.d.r.c.RepositoryConfigurationDelegate : Bootstrapping Spring Data JPA repositories in DEFAULT mode.
2023-12-14T22:12:29.451+09:00  INFO 11212 --- [    Test worker] .s.d.r.c.RepositoryConfigurationDelegate : Finished Spring Data repository scanning in 11 ms. Found 0 JPA repository interfaces.
2023-12-14T22:12:29.679+09:00  INFO 11212 --- [    Test worker] com.zaxxer.hikari.HikariDataSource       : HikariPool-1 - Starting...
2023-12-14T22:12:29.809+09:00  INFO 11212 --- [    Test worker] com.zaxxer.hikari.pool.HikariPool        : HikariPool-1 - Added connection conn0: url=jdbc:h2:mem:be763251-2e38-44af-85f3-2ad7b0b8ff44 user=SA
2023-12-14T22:12:29.810+09:00  INFO 11212 --- [    Test worker] com.zaxxer.hikari.HikariDataSource       : HikariPool-1 - Start completed.
2023-12-14T22:12:29.905+09:00  INFO 11212 --- [    Test worker] o.hibernate.jpa.internal.util.LogHelper  : HHH000204: Processing PersistenceUnitInfo [name: default]
2023-12-14T22:12:29.957+09:00  INFO 11212 --- [    Test worker] org.hibernate.Version                    : HHH000412: Hibernate ORM core version 6.2.6.Final
2023-12-14T22:12:29.959+09:00  INFO 11212 --- [    Test worker] org.hibernate.cfg.Environment            : HHH000406: Using bytecode reflection optimizer
2023-12-14T22:12:30.056+09:00  INFO 11212 --- [    Test worker] o.h.b.i.BytecodeProviderInitiator        : HHH000021: Bytecode provider name : bytebuddy
2023-12-14T22:12:30.147+09:00  INFO 11212 --- [    Test worker] o.s.o.j.p.SpringPersistenceUnitInfo      : No LoadTimeWeaver setup: ignoring JPA class transformer
2023-12-14T22:12:30.234+09:00  INFO 11212 --- [    Test worker] o.h.b.i.BytecodeProviderInitiator        : HHH000021: Bytecode provider name : bytebuddy
2023-12-14T22:12:30.373+09:00  INFO 11212 --- [    Test worker] o.h.e.t.j.p.i.JtaPlatformInitiator       : HHH000490: Using JtaPlatform implementation: [org.hibernate.engine.transaction.jta.platform.internal.NoJtaPlatform]
2023-12-14T22:12:30.377+09:00  INFO 11212 --- [    Test worker] j.LocalContainerEntityManagerFactoryBean : Initialized JPA EntityManagerFactory for persistence unit 'default'
2023-12-14T22:12:30.467+09:00  WARN 11212 --- [    Test worker] JpaBaseConfiguration$JpaWebConfiguration : spring.jpa.open-in-view is enabled by default. Therefore, database queries may be performed during view rendering. Explicitly configure spring.jpa.open-in-view to disable this warning
2023-12-14T22:12:30.625+09:00  INFO 11212 --- [    Test worker] o.s.s.web.DefaultSecurityFilterChain     : Will secure any request with [org.springframework.security.web.session.DisableEncodeUrlFilter@706d2bae, org.springframework.security.web.context.request.async.WebAsyncManagerIntegrationFilter@3205610d, org.springframework.security.web.context.SecurityContextHolderFilter@40c0437f, org.springframework.security.web.header.HeaderWriterFilter@7cd8831c, org.springframework.web.filter.CorsFilter@54e06788, org.springframework.security.web.authentication.logout.LogoutFilter@2d705998, org.springframework.security.oauth2.client.web.OAuth2AuthorizationRequestRedirectFilter@10e4ee33, org.springframework.security.oauth2.client.web.OAuth2LoginAuthenticationFilter@6e90cec8, org.springframework.security.web.authentication.ui.DefaultLoginPageGeneratingFilter@57867d96, org.springframework.security.web.authentication.ui.DefaultLogoutPageGeneratingFilter@4e789704, org.springframework.security.web.savedrequest.RequestCacheAwareFilter@1e9d721, org.springframework.security.web.servletapi.SecurityContextHolderAwareRequestFilter@1f70bce5, org.springframework.security.web.authentication.AnonymousAuthenticationFilter@5751e53e, org.springframework.security.web.access.ExceptionTranslationFilter@ba86c53, org.springframework.security.web.access.intercept.AuthorizationFilter@5d94ac8a]
2023-12-14T22:12:31.178+09:00  INFO 11212 --- [    Test worker] i.blindroute.BlinerouteApplicationTests  : Started BlinerouteApplicationTests in 2.42 seconds (process running for 3.203)
2023-12-14T22:12:31.181+09:00  INFO 11212 --- [    Test worker] o.s.b.a.b.JobLauncherApplicationRunner   : Running default command line with: []
]]></system-out>
  <system-err><![CDATA[]]></system-err>
</testsuite>
